0 info it worked if it ends with ok
1 verbose cli [ 'C:\\Program Files\\nodejs\\node.exe',
1 verbose cli   'C:\\Users\\tmitri\\AppData\\Roaming\\npm\\node_modules\\npm\\bin\\npm-cli.js',
1 verbose cli   'start' ]
2 info using npm@4.0.1
3 info using node@v6.9.1
4 verbose run-script [ 'prestart', 'start', 'poststart' ]
5 info lifecycle express-parser-3@0.0.0~prestart: express-parser-3@0.0.0
6 silly lifecycle express-parser-3@0.0.0~prestart: no script for prestart, continuing
7 info lifecycle express-parser-3@0.0.0~start: express-parser-3@0.0.0
8 verbose lifecycle express-parser-3@0.0.0~start: unsafe-perm in lifecycle true
9 verbose lifecycle express-parser-3@0.0.0~start: PATH: C:\Users\tmitri\AppData\Roaming\npm\node_modules\npm\bin\node-gyp-bin;C:\PhoneGapProjects\NonGap\express-parser-3\node_modules\.bin;C:\Ruby217\bin;C:\ProgramData\Oracle\Java\javapath;C:\Windows\system32;C:\Windows;C:\Windows\System32\Wbem;C:\Windows\System32\WindowsPowerShell\v1.0\;C:\Program Files\Intel\WiFi\bin\;C:\Program Files\Common Files\Intel\WirelessCommon\;C:\Program Files (x86)\Skype\Phone\;C:\Program Files (x86)\NVIDIA Corporation\PhysX\Common;C:\Program Files (x86)\MySQL\MySQL Fabric 1.5.4 & MySQL Utilities 1.5.4 1.5\;C:\Program Files (x86)\MySQL\MySQL Fabric 1.5.4 & MySQL Utilities 1.5.4 1.5\Doctrine extensions for PHP\;C:\Program Files\MATLAB\R2013b\runtime\win64;C:\Program Files\MATLAB\R2013b\bin;C:\Program Files\MATLAB\R2013b\polyspace\bin;C:\Anaconda3;C:\Anaconda3\Scripts;C:\Anaconda3\Library\bin;C:\Пользователи\Юра\AppData\Local\Android\sdk1\tools;C:\Пользователи\Юра\AppData\Local\Android\sdk1\platform-tools;C:\Program Files (x86)\Universal Extractor;C:\Program Files (x86)\Universal Extractor\bin; C:\Ruby21-x64\bin\ruby.exe; C:\Ruby217\bin;C:\ProgramData\Oracle\Java\javapath;C:\Windows\system32;C:\Windows;C:\Windows\System32\Wbem;C:\Windows\System32\WindowsPowerShell\v1.0\;C:\Program Files\Intel\WiFi\bin\;C:\Program Files\Common Files\Intel\WirelessCommon\;C:\Program Files (x86)\Skype\Phone\;C:\Program Files (x86)\NVIDIA Corporation\PhysX\Common;C:\Program Files (x86)\MySQL\MySQL Fabric 1.5.4 & MySQL Utilities 1.5.4 1.5\;C:\Program Files (x86)\MySQL\MySQL Fabric 1.5.4 & MySQL Utilities 1.5.4 1.5\Doctrine extensions for PHP\;C:\Program Files\MATLAB\R2013b\runtime\win64;C:\Program Files\MATLAB\R2013b\bin;C:\Program Files\MATLAB\R2013b\polyspace\bin;C:\Anaconda3;C:\Anaconda3\Scripts;C:\Anaconda3\Library\bin;C:\Пользователи\Юра\AppData\Local\Android\sdk1\tools;C:\Пользователи\Юра\AppData\Local\Android\sdk1\platform-tools;C:\Program Files (x86)\Universal Extractor;C:\Program Files (x86)\Universal Extractor\bin; C:\Ruby21-x64\bin\ruby.exe; C:\Ruby217\bin;C:\ProgramData\Oracle\Java\javapath;C:\Windows\system32;C:\Windows;C:\Windows\System32\Wbem;C:\Windows\System32\WindowsPowerShell\v1.0\;C:\Program Files\Intel\WiFi\bin\;C:\Program Files\Common Files\Intel\WirelessCommon\;C:\Program Files (x86)\Skype\Phone\;C:\Program Files (x86)\NVIDIA Corporation\PhysX\Common;C:\Program Files (x86)\MySQL\MySQL Fabric 1.5.4 & MySQL Utilities 1.5.4 1.5\;C:\Program Files (x86)\MySQL\MySQL Fabric 1.5.4 & MySQL Utilities 1.5.4 1.5\Doctrine extensions for PHP\;C:\Program Files\MATLAB\R2013b\runtime\win64;C:\Program Files\MATLAB\R2013b\bin;C:\Program Files\MATLAB\R2013b\polyspace\bin;C:\Anaconda3;C:\Anaconda3\Scripts;C:\Anaconda3\Library\bin;C:\Пользователи\Юра\AppData\Local\Android\sdk1\tools;C:\Пользователи\Юра\AppData\Local\Android\sdk1\platform-tools;C:\Program Files (x86)\Universal Extractor;C:\Program Files (x86)\Universal Extractor\bin; C:\Ruby21-x64\bin\ruby.exe; C:\Windows\System32\tools; C:\DevTools\apache-ant-1.9.6\bin; C:\Users\tmitri\AppData\Local\Android\sdk1; \tools; C:\Users\tmitri\AppData\Local\Android\sdk1; \platform-tools; C:\Users\tmitri\AppData\Local\Android\sdk1\tools; C:\DevTools\apache-ant-1.9.6\bin;C:\Program Files\Git\cmd;C:\Program Files (x86)\Couchbase;C:\Program Files (x86)\cURL\bin;C:\Program Files\Couchbase\Server\bin;C:\Python34\Scripts;C:\Python34;C:\Program Files\nodejs\;C:\Program Files\MongoDB\Server\3.2\bin;C:\DevTools\protobuf-3.1.0;C:\Tools\cygwin64;C:\Tools\cygwin64\bin;\tools; C:\DevTools\apache-ant-1.9.6\bin; C:\Users\tmitri\AppData\Local\Android\sdk1; \tools; C:\Users\tmitri\AppData\Local\Android\sdk1; \platform-tools; C:\Users\tmitri\AppData\Local\Android\sdk1\tools; C:\DevTools\apache-ant-1.9.6\bin;C:\Program Files\Git\cmd;C:\Program Files (x86)\Couchbase;C:\Program Files (x86)\cURL\bin;C:\Program Files\Couchbase\Server\bin;C:\Python34\Scripts;C:\Python34;C:\Program Files\nodejs\;C:\Program Files\MongoDB\Server\3.2\bin;C:\DevTools\protobuf-3.1.0;C:\Tools\cygwin64;C:\Tools\cygwin64\bin;\tools; C:\DevTools\apache-ant-1.9.6\bin; C:\Users\tmitri\AppData\Local\Android\sdk1; \tools; C:\Users\tmitri\AppData\Local\Android\sdk1; \platform-tools; C:\Users\tmitri\AppData\Local\Android\sdk1\tools; C:\DevTools\apache-ant-1.9.6\b;C:\Program Files\Intel\WiFi\bin\;C:\Program Files\Common Files\Intel\WirelessCommon\;C:\Python34;C:\Python34\Scripts;C:\Users\tmitri\AppData\Local\Android\sdk1\platform-tools;C:\Users\tmitri\AppData\Local\Android\sdk1;C:\Ruby21-x64\bin;%ANT_HOME\bin;  C:\Users\tmitri\AppData\Local\Android\sdk1\tools; C:\DevTools\apache-ant-1.9.6\bin; C:\Program Files\Intel\WiFi\bin\;C:\Program Files\Common Files\Intel\WirelessCommon\;C:\Python34;C:\Python34\Scripts;C:\Users\tmitri\AppData\Local\Android\sdk1\platform-tools;C:\Users\tmitri\AppData\Roaming\npm;C:\Users\tmitri\AppData\Local\Android\sdk1;C:\Ruby21-x64\bin;%ANT_HOME\bin;C:\Users\tmitri\AppData\Local\Android\sdk1\tools;C:\DevTools\apache-ant-1.9.6\bin;C:\Users\tmitri\AppData\Local\Android\sdk1\platform-tools;C:\Program Files (x86)\Couchbase;C:\Program Files (x86)\cURL\bin;C:\Program Files\Couchbase\Server\bin;C:\Python34\Scripts;C:\Python34;C:\Program Files\nodejs\;C:\Program Files\MongoDB\Server\3.2\bin;C:\DevTools\protobuf-3.1.0;C:\Tools\cygwin64;C:\Tools\cygwin64\bin;
10 verbose lifecycle express-parser-3@0.0.0~start: CWD: C:\PhoneGapProjects\NonGap\express-parser-3
11 silly lifecycle express-parser-3@0.0.0~start: Args: [ '/d /s /c', 'nodemon ./app.js' ]
12 silly lifecycle express-parser-3@0.0.0~start: Returned: code: 3221225786  signal: null
13 info lifecycle express-parser-3@0.0.0~start: Failed to exec start script
14 verbose stack Error: express-parser-3@0.0.0 start: `nodemon ./app.js`
14 verbose stack Exit status 3221225786
14 verbose stack     at EventEmitter.<anonymous> (C:\Users\tmitri\AppData\Roaming\npm\node_modules\npm\lib\utils\lifecycle.js:279:16)
14 verbose stack     at emitTwo (events.js:106:13)
14 verbose stack     at EventEmitter.emit (events.js:191:7)
14 verbose stack     at ChildProcess.<anonymous> (C:\Users\tmitri\AppData\Roaming\npm\node_modules\npm\lib\utils\spawn.js:40:14)
14 verbose stack     at emitTwo (events.js:106:13)
14 verbose stack     at ChildProcess.emit (events.js:191:7)
14 verbose stack     at maybeClose (internal/child_process.js:877:16)
14 verbose stack     at Process.ChildProcess._handle.onexit (internal/child_process.js:226:5)
15 verbose pkgid express-parser-3@0.0.0
16 verbose cwd C:\PhoneGapProjects\NonGap\express-parser-3
17 error Windows_NT 6.1.7601
18 error argv "C:\\Program Files\\nodejs\\node.exe" "C:\\Users\\tmitri\\AppData\\Roaming\\npm\\node_modules\\npm\\bin\\npm-cli.js" "start"
19 error node v6.9.1
20 error npm  v4.0.1
21 error code ELIFECYCLE
22 error express-parser-3@0.0.0 start: `nodemon ./app.js`
22 error Exit status 3221225786
23 error Failed at the express-parser-3@0.0.0 start script 'nodemon ./app.js'.
23 error Make sure you have the latest version of node.js and npm installed.
23 error If you do, this is most likely a problem with the express-parser-3 package,
23 error not with npm itself.
23 error Tell the author that this fails on your system:
23 error     nodemon ./app.js
23 error You can get information on how to open an issue for this project with:
23 error     npm bugs express-parser-3
23 error Or if that isn't available, you can get their info via:
23 error     npm owner ls express-parser-3
23 error There is likely additional logging output above.
24 verbose exit [ 1, true ]
